#
# A fatal error has been detected by the Java Runtime Environment:
#
#  SIGSEGV (0xb) at pc=0xb48335b7, pid=2149, tid=2308963184
#
# JRE version: 6.0_24-b24
# Java VM: OpenJDK Server VM (20.0-b12 mixed mode linux-x86 )
# Derivative: IcedTea6 1.11.3
# Distribution: Ubuntu 10.04.1 LTS, package 6b24-1.11.3-1ubuntu0.10.04.1
# Problematic frame:
# J  org.jruby.compiler.ASTInspector.inspect(Lorg/jruby/ast/Node;)V
#
# If you would like to submit a bug report, please include
# instructions how to reproduce the bug and visit:
#   https://bugs.launchpad.net/ubuntu/+source/openjdk-6/
#

---------------  T H R E A D  ---------------

Current thread (0x89e0a800):  JavaThread "ScriptThreadProcess: script/rails" daemon [_thread_in_Java, id=2167, stack(0x897ff000,0x89a00000)]

siginfo:si_signo=SIGSEGV: si_errno=0, si_code=128 (), si_addr=0x00000000

Registers:
EAX=0x89e0a800, EBX=0x00000114, ECX=0x8dae71c8, EDX=0x00028040
ESP=0x899f7d80, EBP=0x8dad2e28, ESI=0x00000002, EDI=0x955daee0
EIP=0xb48335b7, EFLAGS=0x00210213, CR2=0x00000004

Top of Stack: (sp=0x899f7d80)
0x899f7d80:   00000000 8dae71c8 95123920 aa5446a8
0x899f7d90:   aa4f59e8 8d8f1a3c 8d90f6b4 00028000
0x899f7da0:   00000000 00000002 00000000 00000000
0x899f7db0:   00000000 00000000 899f7df0 b456eee1
0x899f7dc0:   b456f047 b456eee1 aa4f59e8 aa5446a8
0x899f7dd0:   899f7dd0 8d4a7fd7 899f7e8c 8d4a98a8
0x899f7de0:   8dc5aa24 8d4a8ce0 899f7dc8 899f7e88
0x899f7df0:   899f7eb0 b456eee1 00000000 00000000 

Instructions: (pc=0xb48335b7)
0xb4833597:   08 8d 7c 47 0c 89 7c 24 18 8b c4 c1 e8 0c 8b 04
0xb48335a7:   85 e0 a4 0e 01 bf 54 01 00 00 8b bf c8 6e 0c 8d
0xb48335b7:   ff 24 1d 00 33 83 b4 8b 4c 24 0c 90 e8 18 5b d6
0xb48335c7:   ff 83 c4 38 5d 85 05 00 d0 77 b7 c3 b9 e4 ff ff 

Register to memory mapping:

EAX=0x89e0a800 is a thread
EBX=0x00000114 is an unknown value
ECX=0x8dae71c8 is an oop
{instance class} 
 - klass: {other class}
EDX=0x00028040 is an unknown value
ESP=0x899f7d80 is pointing into the stack for thread: 0x89e0a800
EBP=0x8dad2e28 is an oop
{instance class} 
 - klass: {other class}
ESI=0x00000002 is an unknown value
EDI=0x955daee0 is an oop
java.io.PrintStream 
 - klass: 'java/io/PrintStream'


Stack: [0x897ff000,0x89a00000],  sp=0x899f7d80,  free space=2019k
Native frames: (J=compiled Java code, j=interpreted, Vv=VM code, C=native code)
J  org.jruby.compiler.ASTInspector.inspect(Lorg/jruby/ast/Node;)V


---------------  P R O C E S S  ---------------

Java Threads: ( => current thread )
=>0x89e0a800 JavaThread "ScriptThreadProcess: script/rails" daemon [_thread_in_Java, id=2167, stack(0x897ff000,0x89a00000)]
  0x8c114800 JavaThread "Low Memory Detector" daemon [_thread_blocked, id=2165, stack(0x8ba7c000,0x8bc7d000)]
  0x8c112800 JavaThread "C2 CompilerThread1" daemon [_thread_in_native, id=2164, stack(0x8bc7d000,0x8bcfe000)]
  0x8c110800 JavaThread "C2 CompilerThread0" daemon [_thread_in_native, id=2163, stack(0x8c26d000,0x8c2ee000)]
  0x8c10f400 JavaThread "Signal Dispatcher" daemon [_thread_blocked, id=2162, stack(0x8bcfe000,0x8beff000)]
  0x8c7ff000 JavaThread "Finalizer" daemon [_thread_blocked, id=2161, stack(0x8beff000,0x8c100000)]
  0x8c7fdc00 JavaThread "Reference Handler" daemon [_thread_blocked, id=2160, stack(0x8c2ee000,0x8c4ef000)]
  0x09d3f000 JavaThread "main" [_thread_blocked, id=2150, stack(0xb756c000,0xb776d000)]

Other Threads:
  0x8c7f9c00 VMThread [stack: 0x8c4ef000,0x8c570000] [id=2159]
  0x8c116800 WatcherThread [stack: 0x8b9fb000,0x8ba7c000] [id=2166]

VM state:not at safepoint (normal execution)

VM Mutex/Monitor currently owned by a thread: None

Heap
 PSYoungGen      total 81280K, used 11247K [0xa9e00000, 0xb0a40000, 0xb44a0000)
  eden space 77696K, 9% used [0xa9e00000,0xaa581a08,0xae9e0000)
  from space 3584K, 99% used [0xb06c0000,0xb0a3a2b0,0xb0a40000)
  to   space 5504K, 0% used [0xaff80000,0xaff80000,0xb04e0000)
 PSOldGen        total 38272K, used 21511K [0x950a0000, 0x97600000, 0xa9e00000)
  object space 38272K, 56% used [0x950a0000,0x965a1fc8,0x97600000)
 PSPermGen       total 41856K, used 21090K [0x8d0a0000, 0x8f980000, 0x950a0000)
  object space 41856K, 50% used [0x8d0a0000,0x8e538ab8,0x8f980000)

Code Cache  [0xb456c000, 0xb4844000, 0xb756c000)
 total_blobs=1099 nmethods=949 adapters=104 free_code_cache=47429376 largest_free_block=14720

Dynamic libraries:
00110000-00117000 r-xp 00000000 08:06 12789353   /lib/tls/i686/cmov/librt-2.11.1.so
00117000-00118000 r--p 00006000 08:06 12789353   /lib/tls/i686/cmov/librt-2.11.1.so
00118000-00119000 rw-p 00007000 08:06 12789353   /lib/tls/i686/cmov/librt-2.11.1.so
00119000-00125000 r-xp 00000000 08:06 6693507    /usr/lib/jvm/java-6-openjdk/jre/lib/i386/libverify.so
00125000-00126000 r--p 0000b000 08:06 6693507    /usr/lib/jvm/java-6-openjdk/jre/lib/i386/libverify.so
00126000-00127000 rw-p 0000c000 08:06 6693507    /usr/lib/jvm/java-6-openjdk/jre/lib/i386/libverify.so
0012c000-0012d000 r-xp 00000000 00:00 0          [vdso]
0012d000-00151000 r-xp 00000000 08:06 12789350   /lib/tls/i686/cmov/libm-2.11.1.so
00151000-00152000 r--p 00023000 08:06 12789350   /lib/tls/i686/cmov/libm-2.11.1.so
00152000-00153000 rw-p 00024000 08:06 12789350   /lib/tls/i686/cmov/libm-2.11.1.so
00153000-00170000 r-xp 00000000 08:06 12763139   /lib/libgcc_s.so.1
00170000-00171000 r--p 0001c000 08:06 12763139   /lib/libgcc_s.so.1
00171000-00172000 rw-p 0001d000 08:06 12763139   /lib/libgcc_s.so.1
00172000-00196000 r-xp 00000000 08:06 6693522    /usr/lib/jvm/java-6-openjdk/jre/lib/i386/libjava.so
00196000-00197000 r--p 00023000 08:06 6693522    /usr/lib/jvm/java-6-openjdk/jre/lib/i386/libjava.so
00197000-00199000 rw-p 00024000 08:06 6693522    /usr/lib/jvm/java-6-openjdk/jre/lib/i386/libjava.so
00199000-001a1000 r-xp 00000000 08:06 12789361   /lib/tls/i686/cmov/libnss_nis-2.11.1.so
001a1000-001a2000 r--p 00007000 08:06 12789361   /lib/tls/i686/cmov/libnss_nis-2.11.1.so
001a2000-001a3000 rw-p 00008000 08:06 12789361   /lib/tls/i686/cmov/libnss_nis-2.11.1.so
001aa000-001c5000 r-xp 00000000 08:06 12763382   /lib/ld-2.11.1.so
001c5000-001c6000 r--p 0001a000 08:06 12763382   /lib/ld-2.11.1.so
001c6000-001c7000 rw-p 0001b000 08:06 12763382   /lib/ld-2.11.1.so
001c7000-002b0000 r-xp 00000000 08:06 6654723    /usr/lib/libstdc++.so.6.0.13
002b0000-002b4000 r--p 000e9000 08:06 6654723    /usr/lib/libstdc++.so.6.0.13
002b4000-002b5000 rw-p 000ed000 08:06 6654723    /usr/lib/libstdc++.so.6.0.13
002b5000-002bc000 rw-p 00000000 00:00 0 
002bc000-002cf000 r-xp 00000000 08:06 12789341   /lib/tls/i686/cmov/libnsl-2.11.1.so
002cf000-002d0000 r--p 00012000 08:06 12789341   /lib/tls/i686/cmov/libnsl-2.11.1.so
002d0000-002d1000 rw-p 00013000 08:06 12789341   /lib/tls/i686/cmov/libnsl-2.11.1.so
002d1000-002d3000 rw-p 00000000 00:00 0 
002d3000-002dd000 r-xp 00000000 08:06 12789345   /lib/tls/i686/cmov/libnss_files-2.11.1.so
002dd000-002de000 r--p 00009000 08:06 12789345   /lib/tls/i686/cmov/libnss_files-2.11.1.so
002de000-002df000 rw-p 0000a000 08:06 12789345   /lib/tls/i686/cmov/libnss_files-2.11.1.so
002df000-002f3000 r-xp 00000000 08:06 6693515    /usr/lib/jvm/java-6-openjdk/jre/lib/i386/libnet.so
002f3000-002f4000 r--p 00013000 08:06 6693515    /usr/lib/jvm/java-6-openjdk/jre/lib/i386/libnet.so
002f4000-002f5000 rw-p 00014000 08:06 6693515    /usr/lib/jvm/java-6-openjdk/jre/lib/i386/libnet.so
002f5000-002fc000 r-xp 00000000 08:06 6693500    /usr/lib/jvm/java-6-openjdk/jre/lib/i386/libnio.so
002fc000-002fd000 r--p 00006000 08:06 6693500    /usr/lib/jvm/java-6-openjdk/jre/lib/i386/libnio.so
002fd000-002fe000 rw-p 00007000 08:06 6693500    /usr/lib/jvm/java-6-openjdk/jre/lib/i386/libnio.so
002fe000-00309000 r-xp 00000000 08:06 3448866    /home/kfeng/.rvm/rubies/jruby-1.6.7/lib/native/i386-Linux/libjffi-1.0.so
00309000-0030a000 rw-p 0000a000 08:06 3448866    /home/kfeng/.rvm/rubies/jruby-1.6.7/lib/native/i386-Linux/libjffi-1.0.so
003f3000-003fa000 r-xp 00000000 08:06 6693499    /usr/lib/jvm/java-6-openjdk/jre/lib/i386/libzip.so
003fa000-003fb000 r--p 00006000 08:06 6693499    /usr/lib/jvm/java-6-openjdk/jre/lib/i386/libzip.so
003fb000-003fc000 rw-p 00007000 08:06 6693499    /usr/lib/jvm/java-6-openjdk/jre/lib/i386/libzip.so
00449000-0044f000 r-xp 00000000 08:06 12789360   /lib/tls/i686/cmov/libnss_compat-2.11.1.so
0044f000-00450000 r--p 00006000 08:06 12789360   /lib/tls/i686/cmov/libnss_compat-2.11.1.so
00450000-00451000 rw-p 00007000 08:06 12789360   /lib/tls/i686/cmov/libnss_compat-2.11.1.so
004ed000-004ef000 r-xp 00000000 08:06 12789343   /lib/tls/i686/cmov/libdl-2.11.1.so
004ef000-004f0000 r--p 00001000 08:06 12789343   /lib/tls/i686/cmov/libdl-2.11.1.so
004f0000-004f1000 rw-p 00002000 08:06 12789343   /lib/tls/i686/cmov/libdl-2.11.1.so
00579000-0058c000 r-xp 00000000 08:06 12763334   /lib/libz.so.1.2.3.3
0058c000-0058d000 r--p 00012000 08:06 12763334   /lib/libz.so.1.2.3.3
0058d000-0058e000 rw-p 00013000 08:06 12763334   /lib/libz.so.1.2.3.3
006e9000-006fe000 r-xp 00000000 08:06 12789344   /lib/tls/i686/cmov/libpthread-2.11.1.so
006fe000-006ff000 r--p 00014000 08:06 12789344   /lib/tls/i686/cmov/libpthread-2.11.1.so
006ff000-00700000 rw-p 00015000 08:06 12789344   /lib/tls/i686/cmov/libpthread-2.11.1.so
00700000-00702000 rw-p 00000000 00:00 0 
0073d000-00890000 r-xp 00000000 08:06 12789348   /lib/tls/i686/cmov/libc-2.11.1.so
00890000-00892000 r--p 00153000 08:06 12789348   /lib/tls/i686/cmov/libc-2.11.1.so
00892000-00893000 rw-p 00155000 08:06 12789348   /lib/tls/i686/cmov/libc-2.11.1.so
00893000-00896000 rw-p 00000000 00:00 0 
009b1000-009b4000 r-xp 00000000 08:06 6693518    /usr/lib/jvm/java-6-openjdk/jre/lib/i386/jli/libjli.so
009b4000-009b5000 r--p 00003000 08:06 6693518    /usr/lib/jvm/java-6-openjdk/jre/lib/i386/jli/libjli.so
009b5000-009b6000 rw-p 00004000 08:06 6693518    /usr/lib/jvm/java-6-openjdk/jre/lib/i386/jli/libjli.so
009b6000-01080000 r-xp 00000000 08:06 6693502    /usr/lib/jvm/java-6-openjdk/jre/lib/i386/server/libjvm.so
01080000-010c5000 r--p 006ca000 08:06 6693502    /usr/lib/jvm/java-6-openjdk/jre/lib/i386/server/libjvm.so
010c5000-010d4000 rw-p 0070f000 08:06 6693502    /usr/lib/jvm/java-6-openjdk/jre/lib/i386/server/libjvm.so
010d4000-014ee000 rw-p 00000000 00:00 0 
08048000-08051000 r-xp 00000000 08:06 6693461    /usr/lib/jvm/java-6-openjdk/jre/bin/java
08051000-08052000 r--p 00008000 08:06 6693461    /usr/lib/jvm/java-6-openjdk/jre/bin/java
08052000-08053000 rw-p 00009000 08:06 6693461    /usr/lib/jvm/java-6-openjdk/jre/bin/java
09d38000-0bf3d000 rw-p 00000000 00:00 0          [heap]
88a00000-88ac1000 rw-p 00000000 00:00 0 
88ac1000-88b00000 ---p 00000000 00:00 0 
88c00000-88dea000 rw-p 00000000 00:00 0 
88dea000-88e00000 ---p 00000000 00:00 0 
88e00000-88eb4000 rw-p 00000000 00:00 0 
88eb4000-88f00000 ---p 00000000 00:00 0 
88f00000-88ff1000 rw-p 00000000 00:00 0 
88ff1000-89000000 ---p 00000000 00:00 0 
89000000-890fa000 rw-p 00000000 00:00 0 
890fa000-89100000 ---p 00000000 00:00 0 
89100000-891fc000 rw-p 00000000 00:00 0 
891fc000-89200000 ---p 00000000 00:00 0 
89200000-892f6000 rw-p 00000000 00:00 0 
892f6000-89300000 ---p 00000000 00:00 0 
89400000-894f5000 rw-p 00000000 00:00 0 
894f5000-89500000 ---p 00000000 00:00 0 
89500000-895f1000 rw-p 00000000 00:00 0 
895f1000-89600000 ---p 00000000 00:00 0 
89600000-896ff000 rw-p 00000000 00:00 0 
896ff000-89700000 ---p 00000000 00:00 0 
897ff000-89802000 ---p 00000000 00:00 0 
89802000-89a00000 rw-p 00000000 00:00 0 
89a00000-89afa000 rw-p 00000000 00:00 0 
89afa000-89b00000 ---p 00000000 00:00 0 
89c00000-89df8000 rw-p 00000000 00:00 0 
89df8000-89e00000 ---p 00000000 00:00 0 
89e00000-89ecb000 rw-p 00000000 00:00 0 
89ecb000-89f00000 ---p 00000000 00:00 0 
8a000000-8a0fa000 rw-p 00000000 00:00 0 
8a0fa000-8a100000 ---p 00000000 00:00 0 
8a100000-8a1fd000 rw-p 00000000 00:00 0 
8a1fd000-8a200000 ---p 00000000 00:00 0 
8a200000-8a300000 rw-p 00000000 00:00 0 
8a400000-8a5f8000 rw-p 00000000 00:00 0 
8a5f8000-8a600000 ---p 00000000 00:00 0 
8a600000-8a6fd000 rw-p 00000000 00:00 0 
8a6fd000-8a700000 ---p 00000000 00:00 0 
8a700000-8a800000 rw-p 00000000 00:00 0 
8a800000-8a8fe000 rw-p 00000000 00:00 0 
8a8fe000-8a900000 ---p 00000000 00:00 0 
8aa00000-8aafb000 rw-p 00000000 00:00 0 
8aafb000-8ab00000 ---p 00000000 00:00 0 
8ab00000-8abfa000 rw-p 00000000 00:00 0 
8abfa000-8ac00000 ---p 00000000 00:00 0 
8ac00000-8acfc000 rw-p 00000000 00:00 0 
8acfc000-8ad00000 ---p 00000000 00:00 0 
8ad00000-8adf7000 rw-p 00000000 00:00 0 
8adf7000-8ae00000 ---p 00000000 00:00 0 
8ae00000-8aefa000 rw-p 00000000 00:00 0 
8aefa000-8af00000 ---p 00000000 00:00 0 
8af00000-8afee000 rw-p 00000000 00:00 0 
8afee000-8b000000 ---p 00000000 00:00 0 
8b000000-8b0fd000 rw-p 00000000 00:00 0 
8b0fd000-8b100000 ---p 00000000 00:00 0 
8b100000-8b200000 rw-p 00000000 00:00 0 
8b200000-8b2fa000 rw-p 00000000 00:00 0 
8b2fa000-8b300000 ---p 00000000 00:00 0 
8b3fd000-8b400000 r--s 0007d000 08:06 6692985    /usr/lib/jvm/java-6-openjdk/jre/lib/jsse.jar
8b400000-8b4f1000 rw-p 00000000 00:00 0 
8b4f1000-8b500000 ---p 00000000 00:00 0 
8b500000-8b5fe000 rw-p 00000000 00:00 0 
8b5fe000-8b600000 ---p 00000000 00:00 0 
8b600000-8b6fd000 rw-p 00000000 00:00 0 
8b6fd000-8b700000 ---p 00000000 00:00 0 
8b700000-8b800000 rw-p 00000000 00:00 0 
8b800000-8b8fa000 rw-p 00000000 00:00 0 
8b8fa000-8b900000 ---p 00000000 00:00 0 
8b9fb000-8b9fc000 ---p 00000000 00:00 0 
8b9fc000-8ba7c000 rw-p 00000000 00:00 0 
8ba7c000-8ba7f000 ---p 00000000 00:00 0 
8ba7f000-8bc7d000 rw-p 00000000 00:00 0 
8bc7d000-8bc80000 ---p 00000000 00:00 0 
8bc80000-8bcfe000 rw-p 00000000 00:00 0 
8bcfe000-8bd01000 ---p 00000000 00:00 0 
8bd01000-8beff000 rw-p 00000000 00:00 0 
8beff000-8bf02000 ---p 00000000 00:00 0 
8bf02000-8c100000 rw-p 00000000 00:00 0 
8c100000-8c200000 rw-p 00000000 00:00 0 
8c26d000-8c270000 ---p 00000000 00:00 0 
8c270000-8c2ee000 rw-p 00000000 00:00 0 
8c2ee000-8c2f1000 ---p 00000000 00:00 0 
8c2f1000-8c4ef000 rw-p 00000000 00:00 0 
8c4ef000-8c4f0000 ---p 00000000 00:00 0 
8c4f0000-8c570000 rw-p 00000000 00:00 0 
8c570000-8c700000 r--s 037bc000 08:06 6693491    /usr/lib/jvm/java-6-openjdk/jre/lib/rt.jar
8c700000-8c800000 rw-p 00000000 00:00 0 
8c839000-8c840000 r--s 000b5000 08:06 3531399    /home/kfeng/.rvm/gems/jruby-1.6.7@kfeng/gems/jdbc-mysql-5.1.13/lib/mysql-connector-java-5.1.13.jar
8c840000-8c900000 r--s 008ce000 08:06 3450610    /home/kfeng/.rvm/rubies/jruby-1.6.7/lib/jruby.jar
8c900000-8c9f9000 rw-p 00000000 00:00 0 
8c9f9000-8ca00000 ---p 00000000 00:00 0 
8ca04000-8ca43000 r--p 00000000 08:06 6685644    /usr/lib/locale/en_AU.utf8/LC_CTYPE
8ca43000-8ca76000 rw-p 00000000 00:00 0 
8ca76000-8ca77000 ---p 00000000 00:00 0 
8ca77000-8caf7000 rw-p 00000000 00:00 0 
8caf7000-8caf8000 ---p 00000000 00:00 0 
8caf8000-8cb78000 rw-p 00000000 00:00 0 
8cb78000-8cb79000 ---p 00000000 00:00 0 
8cb79000-8cbf9000 rw-p 00000000 00:00 0 
8cbf9000-8cbfa000 ---p 00000000 00:00 0 
8cbfa000-8cc7a000 rw-p 00000000 00:00 0 
8cc7a000-8cc7b000 ---p 00000000 00:00 0 
8cc7b000-8ccfb000 rw-p 00000000 00:00 0 
8ccfb000-8ccfc000 ---p 00000000 00:00 0 
8ccfc000-8cd7c000 rw-p 00000000 00:00 0 
8cd7c000-8cd7d000 ---p 00000000 00:00 0 
8cd7d000-8cdfd000 rw-p 00000000 00:00 0 
8cdfd000-8cdfe000 ---p 00000000 00:00 0 
8cdfe000-8ce93000 rw-p 00000000 00:00 0 
8ce93000-8cebe000 rw-p 00000000 00:00 0 
8cebe000-8ced1000 rw-p 00000000 00:00 0 
8ced1000-8cf65000 rw-p 00000000 00:00 0 
8cf65000-8cf7a000 rw-p 00000000 00:00 0 
8cf7a000-8cfa5000 rw-p 00000000 00:00 0 
8cfa5000-8cfb8000 rw-p 00000000 00:00 0 
8cfb8000-8d04b000 rw-p 00000000 00:00 0 
8d04b000-8d082000 rw-p 00000000 00:00 0 
8d082000-8d083000 ---p 00000000 00:00 0 
8d083000-8d09f000 rw-p 00000000 00:00 0 
8d09f000-8f980000 rw-p 00000000 00:00 0 
8f980000-950a0000 rw-p 00000000 00:00 0 
950a0000-97600000 rw-p 00000000 00:00 0 
97600000-a9e00000 rw-p 00000000 00:00 0 
a9e00000-b0a40000 rw-p 00000000 00:00 0 
b0a40000-b0c10000 ---p 00000000 00:00 0 
b0c10000-b44a0000 rw-p 00000000 00:00 0 
b44a5000-b44ac000 r--s 00000000 08:06 7389588    /usr/lib/gconv/gconv-modules.cache
b44ac000-b44b8000 rw-p 00000000 00:00 0 
b44b8000-b456c000 rw-p 00000000 00:00 0 
b456c000-b4844000 rwxp 00000000 00:00 0 
b4844000-b756c000 rw-p 00000000 00:00 0 
b756c000-b756f000 ---p 00000000 00:00 0 
b756f000-b7770000 rw-p 00000000 00:00 0 
b7770000-b7772000 r--s 0000e000 08:06 3531201    /home/kfeng/.rvm/gems/jruby-1.6.7@kfeng/gems/activerecord-jdbc-adapter-1.2.2/lib/arjdbc/jdbc/adapter_java.jar
b7772000-b7774000 r--s 0000f000 08:06 6692962    /usr/lib/jvm/java-6-openjdk/jre/lib/ext/pulse-java.jar
b7774000-b777c000 rw-s 00000000 08:06 4358188    /tmp/hsperfdata_kfeng/2149
b777c000-b777d000 rw-p 00000000 00:00 0 
b777d000-b777e000 r--p 00000000 00:00 0 
b777e000-b7780000 rw-p 00000000 00:00 0 
bff69000-bff7e000 rw-p 00000000 00:00 0          [stack]

VM Arguments:
jvm_args: -Djdk.home= -Djruby.home=/home/kfeng/.rvm/rubies/jruby-1.6.7 -Djruby.script=jruby -Djruby.shell=/bin/sh -Djffi.boot.library.path=/home/kfeng/.rvm/rubies/jruby-1.6.7/lib/native/ppc-Linux:/home/kfeng/.rvm/rubies/jruby-1.6.7/lib/native/i386-Linux:/home/kfeng/.rvm/rubies/jruby-1.6.7/lib/native/x86_64-Linux -Xmx500m -Xss2048k -Djruby.memory.max=500m -Djruby.stack.max=2048k -Xbootclasspath/a:/home/kfeng/.rvm/rubies/jruby-1.6.7/lib/jruby.jar 
java_command: org/jruby/Main /home/kfeng/.rvm/gems/jruby-1.6.7@kfeng/bin/ruby_noexec_wrapper /home/kfeng/.rvm/gems/jruby-1.6.7@kfeng/bin/rails s
Launcher Type: SUN_STANDARD

Environment Variables:
PATH=/home/kfeng/.rvm/gems/jruby-1.6.7@kfeng/bin:/home/kfeng/.rvm/gems/jruby-1.6.7@global/bin:/home/kfeng/.rvm/rubies/jruby-1.6.7/bin:/home/kfeng/.rvm/bin:/home/kfeng/bin:/usr/local/sbin:/usr/local/bin:/usr/sbin:/usr/bin:/sbin:/bin:/usr/games
USERNAME=kfeng
LD_LIBRARY_PATH=/usr/lib/jvm/java-6-openjdk/jre/lib/i386/server:/usr/lib/jvm/java-6-openjdk/jre/lib/i386:/usr/lib/jvm/java-6-openjdk/jre/../lib/i386
SHELL=/bin/bash
DISPLAY=:0.0

Signal Handlers:
SIGSEGV: [libjvm.so+0x65b700], sa_mask[0]=0x7ffbfeff, sa_flags=0x10000004
SIGBUS: [libjvm.so+0x65b700], sa_mask[0]=0x7ffbfeff, sa_flags=0x10000004
SIGFPE: [libjvm.so+0x52e460], sa_mask[0]=0x7ffbfeff, sa_flags=0x10000004
SIGPIPE: [libjvm.so+0x52e460], sa_mask[0]=0x7ffbfeff, sa_flags=0x10000004
SIGXFSZ: [libjvm.so+0x52e460], sa_mask[0]=0x7ffbfeff, sa_flags=0x10000004
SIGILL: [libjvm.so+0x52e460], sa_mask[0]=0x7ffbfeff, sa_flags=0x10000004
SIGUSR1: SIG_DFL, sa_mask[0]=0x00000000, sa_flags=0x00000000
SIGUSR2: [libjvm.so+0x52dba0], sa_mask[0]=0x00000000, sa_flags=0x10000004
SIGHUP: [libjvm.so+0x530340], sa_mask[0]=0x7ffbfeff, sa_flags=0x10000004
SIGINT: [libjvm.so+0x530340], sa_mask[0]=0x7ffbfeff, sa_flags=0x10000004
SIGTERM: [libjvm.so+0x530340], sa_mask[0]=0x7ffbfeff, sa_flags=0x10000004
SIGQUIT: [libjvm.so+0x530340], sa_mask[0]=0x7ffbfeff, sa_flags=0x10000004


---------------  S Y S T E M  ---------------

OS:Ubuntu 10.04 (lucid)
uname:Linux 2.6.32-41-generic #94-Ubuntu SMP Fri Jul 6 16:51:39 UTC 2012 i686
libc:glibc 2.11.1 NPTL 2.11.1 
rlimit: STACK 8192k, CORE 0k, NPROC infinity, NOFILE 1024, AS infinity
load average:1.57 0.58 0.21

/proc/meminfo:
MemTotal:        2060024 kB
MemFree:          985404 kB
Buffers:          120744 kB
Cached:           352448 kB
SwapCached:            0 kB
Active:           569380 kB
Inactive:         378072 kB
Active(anon):     475624 kB
Inactive(anon):     4604 kB
Active(file):      93756 kB
Inactive(file):   373468 kB
Unevictable:          32 kB
Mlocked:              32 kB
HighTotal:       1186504 kB
HighFree:         318680 kB
LowTotal:         873520 kB
LowFree:          666724 kB
SwapTotal:      25599536 kB
SwapFree:       25599536 kB
Dirty:               296 kB
Writeback:             0 kB
AnonPages:        474456 kB
Mapped:            77476 kB
Shmem:              5964 kB
Slab:              28136 kB
SReclaimable:      16516 kB
SUnreclaim:        11620 kB
KernelStack:        3496 kB
PageTables:         4804 kB
NFS_Unstable:          0 kB
Bounce:                0 kB
WritebackTmp:          0 kB
CommitLimit:    26629548 kB
Committed_AS:    1021736 kB
VmallocTotal:     122880 kB
VmallocUsed:       93056 kB
VmallocChunk:      19452 kB
HardwareCorrupted:     0 kB
HugePages_Total:       0
HugePages_Free:        0
HugePages_Rsvd:        0
HugePages_Surp:        0
Hugepagesize:       4096 kB
DirectMap4k:       12280 kB
DirectMap4M:      897024 kB


CPU:total 8 (4 cores per cpu, 2 threads per core) family 6 model 26 stepping 5, cmov, cx8, fxsr, mmx, sse, sse2, sse3, ssse3, sse4.1, sse4.2, popcnt, ht

Memory: 4k page, physical 2060024k(985404k free), swap 25599536k(25599536k free)

vm_info: OpenJDK Server VM (20.0-b12) for linux-x86 JRE (1.6.0_24-b24), built on Jun 28 2012 04:45:12 by "buildd" with gcc 4.4.3

time: Sun Sep  2 11:34:43 2012
elapsed time: 10 seconds

